[    2534ms] [WARNING] [ImagePreloader] Failed to preload: https://pub-e11717db663c469fb51c65995892b449.r2.dev/39_Ayah widget/developer_logo.Not Found Error: Failed to load image: https://pub-e11717db663c469fb51c65995892b449.r2.dev/39_Ayah widget/developer_logo.Not Found
    at i.onerror [as __zone_symbol__ON_PROPERTYerror] (https://staging.quran-apps.itqan.dev/main-QF6N6I4X.js:82:2163)
    at Image.Xe (https://staging.quran-apps.itqan.dev/polyfills-JUTM3XWE.js:1:12167)
    at f.invokeTask (https://staging.quran-apps.itqan.dev/polyfills-JUTM3XWE.js:1:7505)
    at e.runTask (https://staging.quran-apps.itqan.dev/polyfills-JUTM3XWE.js:1:2410)
    at g.invokeTask [as invoke] (https://staging.quran-apps.itqan.dev/polyfills-JUTM3XWE.js:1:8614)
    at L (https://staging.quran-apps.itqan.dev/polyfills-JUTM3XWE.js:1:15351)
    at H (https://staging.quran-apps.itqan.dev/polyfills-JUTM3XWE.js:1:15647)
    at Image.z (https://staging.quran-apps.itqan.dev/polyfills-JUTM3XWE.js:1:15905) @ https://staging.quran-apps.itqan.dev/main-QF6N6I4X.js:16
[    2556ms] [WARNING] [ImagePreloader] Failed to preload: https://pub-e11717db663c469fb51c65995892b449.r2.dev/55_Alfanous/developer_logo.png Error: Failed to load image: https://pub-e11717db663c469fb51c65995892b449.r2.dev/55_Alfanous/developer_logo.png
    at i.onerror [as __zone_symbol__ON_PROPERTYerror] (https://staging.quran-apps.itqan.dev/main-QF6N6I4X.js:82:2163)
    at Image.Xe (https://staging.quran-apps.itqan.dev/polyfills-JUTM3XWE.js:1:12167)
    at f.invokeTask (https://staging.quran-apps.itqan.dev/polyfills-JUTM3XWE.js:1:7505)
    at e.runTask (https://staging.quran-apps.itqan.dev/polyfills-JUTM3XWE.js:1:2410)
    at g.invokeTask [as invoke] (https://staging.quran-apps.itqan.dev/polyfills-JUTM3XWE.js:1:8614)
    at L (https://staging.quran-apps.itqan.dev/polyfills-JUTM3XWE.js:1:15351)
    at H (https://staging.quran-apps.itqan.dev/polyfills-JUTM3XWE.js:1:15647)
    at Image.z (https://staging.quran-apps.itqan.dev/polyfills-JUTM3XWE.js:1:15905) @ https://staging.quran-apps.itqan.dev/main-QF6N6I4X.js:16
[    2577ms] [WARNING] [ImagePreloader] Failed to preload: https://pub-e11717db663c469fb51c65995892b449.r2.dev/15_Ayah/developer_logo.Not Found Error: Failed to load image: https://pub-e11717db663c469fb51c65995892b449.r2.dev/15_Ayah/developer_logo.Not Found
    at i.onerror [as __zone_symbol__ON_PROPERTYerror] (https://staging.quran-apps.itqan.dev/main-QF6N6I4X.js:82:2163)
    at Image.Xe (https://staging.quran-apps.itqan.dev/polyfills-JUTM3XWE.js:1:12167)
    at f.invokeTask (https://staging.quran-apps.itqan.dev/polyfills-JUTM3XWE.js:1:7505)
    at e.runTask (https://staging.quran-apps.itqan.dev/polyfills-JUTM3XWE.js:1:2410)
    at g.invokeTask [as invoke] (https://staging.quran-apps.itqan.dev/polyfills-JUTM3XWE.js:1:8614)
    at L (https://staging.quran-apps.itqan.dev/polyfills-JUTM3XWE.js:1:15351)
    at H (https://staging.quran-apps.itqan.dev/polyfills-JUTM3XWE.js:1:15647)
    at Image.z (https://staging.quran-apps.itqan.dev/polyfills-JUTM3XWE.js:1:15905) @ https://staging.quran-apps.itqan.dev/main-QF6N6I4X.js:16
[    2596ms] [WARNING] [ImagePreloader] Failed to preload: https://pub-e11717db663c469fb51c65995892b449.r2.dev/57_Noor International Quran/developer_logo.png Error: Failed to load image: https://pub-e11717db663c469fb51c65995892b449.r2.dev/57_Noor International Quran/developer_logo.png
    at i.onerror [as __zone_symbol__ON_PROPERTYerror] (https://staging.quran-apps.itqan.dev/main-QF6N6I4X.js:82:2163)
    at Image.Xe (https://staging.quran-apps.itqan.dev/polyfills-JUTM3XWE.js:1:12167)
    at f.invokeTask (https://staging.quran-apps.itqan.dev/polyfills-JUTM3XWE.js:1:7505)
    at e.runTask (https://staging.quran-apps.itqan.dev/polyfills-JUTM3XWE.js:1:2410)
    at g.invokeTask [as invoke] (https://staging.quran-apps.itqan.dev/polyfills-JUTM3XWE.js:1:8614)
    at L (https://staging.quran-apps.itqan.dev/polyfills-JUTM3XWE.js:1:15351)
    at H (https://staging.quran-apps.itqan.dev/polyfills-JUTM3XWE.js:1:15647)
    at Image.z (https://staging.quran-apps.itqan.dev/polyfills-JUTM3XWE.js:1:15905) @ https://staging.quran-apps.itqan.dev/main-QF6N6I4X.js:16
[    2614ms] [WARNING] [ImagePreloader] Failed to preload: https://pub-e11717db663c469fb51c65995892b449.r2.dev/58_Werdy/developer_logo.png Error: Failed to load image: https://pub-e11717db663c469fb51c65995892b449.r2.dev/58_Werdy/developer_logo.png
    at i.onerror [as __zone_symbol__ON_PROPERTYerror] (https://staging.quran-apps.itqan.dev/main-QF6N6I4X.js:82:2163)
    at Image.Xe (https://staging.quran-apps.itqan.dev/polyfills-JUTM3XWE.js:1:12167)
    at f.invokeTask (https://staging.quran-apps.itqan.dev/polyfills-JUTM3XWE.js:1:7505)
    at e.runTask (https://staging.quran-apps.itqan.dev/polyfills-JUTM3XWE.js:1:2410)
    at g.invokeTask [as invoke] (https://staging.quran-apps.itqan.dev/polyfills-JUTM3XWE.js:1:8614)
    at L (https://staging.quran-apps.itqan.dev/polyfills-JUTM3XWE.js:1:15351)
    at H (https://staging.quran-apps.itqan.dev/polyfills-JUTM3XWE.js:1:15647)
    at Image.z (https://staging.quran-apps.itqan.dev/polyfills-JUTM3XWE.js:1:15905) @ https://staging.quran-apps.itqan.dev/main-QF6N6I4X.js:16
[    2633ms] [WARNING] [ImagePreloader] Failed to preload: https://pub-e11717db663c469fb51c65995892b449.r2.dev/61_Ehfaz Al Quran/developer_logo.png Error: Failed to load image: https://pub-e11717db663c469fb51c65995892b449.r2.dev/61_Ehfaz Al Quran/developer_logo.png
    at i.onerror [as __zone_symbol__ON_PROPERTYerror] (https://staging.quran-apps.itqan.dev/main-QF6N6I4X.js:82:2163)
    at Image.Xe (https://staging.quran-apps.itqan.dev/polyfills-JUTM3XWE.js:1:12167)
    at f.invokeTask (https://staging.quran-apps.itqan.dev/polyfills-JUTM3XWE.js:1:7505)
    at e.runTask (https://staging.quran-apps.itqan.dev/polyfills-JUTM3XWE.js:1:2410)
    at g.invokeTask [as invoke] (https://staging.quran-apps.itqan.dev/polyfills-JUTM3XWE.js:1:8614)
    at L (https://staging.quran-apps.itqan.dev/polyfills-JUTM3XWE.js:1:15351)
    at H (https://staging.quran-apps.itqan.dev/polyfills-JUTM3XWE.js:1:15647)
    at Image.z (https://staging.quran-apps.itqan.dev/polyfills-JUTM3XWE.js:1:15905) @ https://staging.quran-apps.itqan.dev/main-QF6N6I4X.js:16
[    8238ms] [WARNING] The resource https://staging.quran-apps.itqan.dev/assets/images/Social-Media-Thumnail.webp was preloaded using link preload but not used within a few seconds from the window's load event. Please make sure it has an appropriate `as` value and it is preloaded intentionally. @ https://staging.quran-apps.itqan.dev/en:0
[    8238ms] [WARNING] The resource https://staging.quran-apps.itqan.dev/assets/i18n/en.json was preloaded using link preload but not used within a few seconds from the window's load event. Please make sure it has an appropriate `as` value and it is preloaded intentionally. @ https://staging.quran-apps.itqan.dev/en:0
[    8238ms] [WARNING] The resource https://staging.quran-apps.itqan.dev/assets/images/banner.avif was preloaded using link preload but not used within a few seconds from the window's load event. Please make sure it has an appropriate `as` value and it is preloaded intentionally. @ https://staging.quran-apps.itqan.dev/en:0
[    8238ms] [WARNING] The resource https://staging.quran-apps.itqan.dev/assets/images/banner.png was preloaded using link preload but not used within a few seconds from the window's load event. Please make sure it has an appropriate `as` value and it is preloaded intentionally. @ https://staging.quran-apps.itqan.dev/en:0
[    8238ms] [WARNING] The resource https://staging.quran-apps.itqan.dev/assets/images/logo-svg.svg was preloaded using link preload but not used within a few seconds from the window's load event. Please make sure it has an appropriate `as` value and it is preloaded intentionally. @ https://staging.quran-apps.itqan.dev/en:0
[    8238ms] [WARNING] The resource https://staging.quran-apps.itqan.dev/assets/i18n/ar.json was preloaded using link preload but not used within a few seconds from the window's load event. Please make sure it has an appropriate `as` value and it is preloaded intentionally. @ https://staging.quran-apps.itqan.dev/en:0
[    8238ms] [WARNING] The resource https://staging.quran-apps.itqan.dev/assets/images/banner.webp was preloaded using link preload but not used within a few seconds from the window's load event. Please make sure it has an appropriate `as` value and it is preloaded intentionally. @ https://staging.quran-apps.itqan.dev/en:0
[    8238ms] [WARNING] The resource https://staging.quran-apps.itqan.dev/assets/images/logo-with-text.svg was preloaded using link preload but not used within a few seconds from the window's load event. Please make sure it has an appropriate `as` value and it is preloaded intentionally. @ https://staging.quran-apps.itqan.dev/en:0
[   13486ms] [WARNING] The resource https://staging.quran-apps.itqan.dev/assets/images/Social-Media-Thumnail.webp was preloaded using link preload but not used within a few seconds from the window's load event. Please make sure it has an appropriate `as` value and it is preloaded intentionally. @ https://staging.quran-apps.itqan.dev/en:0
[   13486ms] [WARNING] The resource https://staging.quran-apps.itqan.dev/assets/i18n/en.json was preloaded using link preload but not used within a few seconds from the window's load event. Please make sure it has an appropriate `as` value and it is preloaded intentionally. @ https://staging.quran-apps.itqan.dev/en:0
[   13486ms] [WARNING] The resource https://staging.quran-apps.itqan.dev/assets/images/banner.avif was preloaded using link preload but not used within a few seconds from the window's load event. Please make sure it has an appropriate `as` value and it is preloaded intentionally. @ https://staging.quran-apps.itqan.dev/en:0
[   13486ms] [WARNING] The resource https://staging.quran-apps.itqan.dev/assets/images/banner.png was preloaded using link preload but not used within a few seconds from the window's load event. Please make sure it has an appropriate `as` value and it is preloaded intentionally. @ https://staging.quran-apps.itqan.dev/en:0
[   13486ms] [WARNING] The resource https://staging.quran-apps.itqan.dev/assets/images/logo-svg.svg was preloaded using link preload but not used within a few seconds from the window's load event. Please make sure it has an appropriate `as` value and it is preloaded intentionally. @ https://staging.quran-apps.itqan.dev/en:0
[   13486ms] [WARNING] The resource https://staging.quran-apps.itqan.dev/assets/i18n/ar.json was preloaded using link preload but not used within a few seconds from the window's load event. Please make sure it has an appropriate `as` value and it is preloaded intentionally. @ https://staging.quran-apps.itqan.dev/en:0
[   13486ms] [WARNING] The resource https://staging.quran-apps.itqan.dev/assets/images/banner.webp was preloaded using link preload but not used within a few seconds from the window's load event. Please make sure it has an appropriate `as` value and it is preloaded intentionally. @ https://staging.quran-apps.itqan.dev/en:0
[   13486ms] [WARNING] The resource https://staging.quran-apps.itqan.dev/assets/images/logo-with-text.svg was preloaded using link preload but not used within a few seconds from the window's load event. Please make sure it has an appropriate `as` value and it is preloaded intentionally. @ https://staging.quran-apps.itqan.dev/en:0
