[    2871ms] [WARNING] [ImagePreloader] Failed to preload: https://pub-e11717db663c469fb51c65995892b449.r2.dev/15_Ayah/developer_logo.Not Found Error: Failed to load image: https://pub-e11717db663c469fb51c65995892b449.r2.dev/15_Ayah/developer_logo.Not Found
    at i.onerror [as __zone_symbol__ON_PROPERTYerror] (https://staging.quran-apps.itqan.dev/main-QF6N6I4X.js:82:2163)
    at Image.Xe (https://staging.quran-apps.itqan.dev/polyfills-JUTM3XWE.js:1:12167)
    at f.invokeTask (https://staging.quran-apps.itqan.dev/polyfills-JUTM3XWE.js:1:7505)
    at e.runTask (https://staging.quran-apps.itqan.dev/polyfills-JUTM3XWE.js:1:2410)
    at g.invokeTask [as invoke] (https://staging.quran-apps.itqan.dev/polyfills-JUTM3XWE.js:1:8614)
    at L (https://staging.quran-apps.itqan.dev/polyfills-JUTM3XWE.js:1:15351)
    at H (https://staging.quran-apps.itqan.dev/polyfills-JUTM3XWE.js:1:15647)
    at Image.z (https://staging.quran-apps.itqan.dev/polyfills-JUTM3XWE.js:1:15905) @ https://staging.quran-apps.itqan.dev/main-QF6N6I4X.js:16
[    3838ms] [WARNING] [ImagePreloader] Failed to preload: https://pub-e11717db663c469fb51c65995892b449.r2.dev/39_Ayah widget/developer_logo.Not Found Error: Failed to load image: https://pub-e11717db663c469fb51c65995892b449.r2.dev/39_Ayah widget/developer_logo.Not Found
    at i.onerror [as __zone_symbol__ON_PROPERTYerror] (https://staging.quran-apps.itqan.dev/main-QF6N6I4X.js:82:2163)
    at Image.Xe (https://staging.quran-apps.itqan.dev/polyfills-JUTM3XWE.js:1:12167)
    at f.invokeTask (https://staging.quran-apps.itqan.dev/polyfills-JUTM3XWE.js:1:7505)
    at e.runTask (https://staging.quran-apps.itqan.dev/polyfills-JUTM3XWE.js:1:2410)
    at g.invokeTask [as invoke] (https://staging.quran-apps.itqan.dev/polyfills-JUTM3XWE.js:1:8614)
    at L (https://staging.quran-apps.itqan.dev/polyfills-JUTM3XWE.js:1:15351)
    at H (https://staging.quran-apps.itqan.dev/polyfills-JUTM3XWE.js:1:15647)
    at Image.z (https://staging.quran-apps.itqan.dev/polyfills-JUTM3XWE.js:1:15905) @ https://staging.quran-apps.itqan.dev/main-QF6N6I4X.js:16
[    5222ms] [WARNING] The resource https://staging.quran-apps.itqan.dev/assets/images/Social-Media-Thumnail.webp was preloaded using link preload but not used within a few seconds from the window's load event. Please make sure it has an appropriate `as` value and it is preloaded intentionally. @ https://staging.quran-apps.itqan.dev/en/search-comparison:0
[    5222ms] [WARNING] The resource https://staging.quran-apps.itqan.dev/assets/i18n/en.json was preloaded using link preload but not used within a few seconds from the window's load event. Please make sure it has an appropriate `as` value and it is preloaded intentionally. @ https://staging.quran-apps.itqan.dev/en/search-comparison:0
[    5222ms] [WARNING] The resource https://staging.quran-apps.itqan.dev/assets/images/banner.avif was preloaded using link preload but not used within a few seconds from the window's load event. Please make sure it has an appropriate `as` value and it is preloaded intentionally. @ https://staging.quran-apps.itqan.dev/en/search-comparison:0
[    5222ms] [WARNING] The resource https://staging.quran-apps.itqan.dev/assets/images/banner.png was preloaded using link preload but not used within a few seconds from the window's load event. Please make sure it has an appropriate `as` value and it is preloaded intentionally. @ https://staging.quran-apps.itqan.dev/en/search-comparison:0
[    5222ms] [WARNING] The resource https://staging.quran-apps.itqan.dev/assets/images/logo-svg.svg was preloaded using link preload but not used within a few seconds from the window's load event. Please make sure it has an appropriate `as` value and it is preloaded intentionally. @ https://staging.quran-apps.itqan.dev/en/search-comparison:0
[    5222ms] [WARNING] The resource https://staging.quran-apps.itqan.dev/assets/i18n/ar.json was preloaded using link preload but not used within a few seconds from the window's load event. Please make sure it has an appropriate `as` value and it is preloaded intentionally. @ https://staging.quran-apps.itqan.dev/en/search-comparison:0
[    5222ms] [WARNING] The resource https://staging.quran-apps.itqan.dev/assets/images/banner.webp was preloaded using link preload but not used within a few seconds from the window's load event. Please make sure it has an appropriate `as` value and it is preloaded intentionally. @ https://staging.quran-apps.itqan.dev/en/search-comparison:0
[    5222ms] [WARNING] The resource https://staging.quran-apps.itqan.dev/assets/images/logo-with-text.svg was preloaded using link preload but not used within a few seconds from the window's load event. Please make sure it has an appropriate `as` value and it is preloaded intentionally. @ https://staging.quran-apps.itqan.dev/en/search-comparison:0
[    5351ms] [WARNING] [ImagePreloader] Failed to preload: https://pub-e11717db663c469fb51c65995892b449.r2.dev/55_Alfanous/developer_logo.png Error: Failed to load image: https://pub-e11717db663c469fb51c65995892b449.r2.dev/55_Alfanous/developer_logo.png
    at i.onerror [as __zone_symbol__ON_PROPERTYerror] (https://staging.quran-apps.itqan.dev/main-QF6N6I4X.js:82:2163)
    at Image.Xe (https://staging.quran-apps.itqan.dev/polyfills-JUTM3XWE.js:1:12167)
    at f.invokeTask (https://staging.quran-apps.itqan.dev/polyfills-JUTM3XWE.js:1:7505)
    at e.runTask (https://staging.quran-apps.itqan.dev/polyfills-JUTM3XWE.js:1:2410)
    at g.invokeTask [as invoke] (https://staging.quran-apps.itqan.dev/polyfills-JUTM3XWE.js:1:8614)
    at L (https://staging.quran-apps.itqan.dev/polyfills-JUTM3XWE.js:1:15351)
    at H (https://staging.quran-apps.itqan.dev/polyfills-JUTM3XWE.js:1:15647)
    at Image.z (https://staging.quran-apps.itqan.dev/polyfills-JUTM3XWE.js:1:15905) @ https://staging.quran-apps.itqan.dev/main-QF6N6I4X.js:16
[    5527ms] [WARNING] [ImagePreloader] Failed to preload: https://pub-e11717db663c469fb51c65995892b449.r2.dev/57_Noor International Quran/developer_logo.png Error: Failed to load image: https://pub-e11717db663c469fb51c65995892b449.r2.dev/57_Noor International Quran/developer_logo.png
    at i.onerror [as __zone_symbol__ON_PROPERTYerror] (https://staging.quran-apps.itqan.dev/main-QF6N6I4X.js:82:2163)
    at Image.Xe (https://staging.quran-apps.itqan.dev/polyfills-JUTM3XWE.js:1:12167)
    at f.invokeTask (https://staging.quran-apps.itqan.dev/polyfills-JUTM3XWE.js:1:7505)
    at e.runTask (https://staging.quran-apps.itqan.dev/polyfills-JUTM3XWE.js:1:2410)
    at g.invokeTask [as invoke] (https://staging.quran-apps.itqan.dev/polyfills-JUTM3XWE.js:1:8614)
    at L (https://staging.quran-apps.itqan.dev/polyfills-JUTM3XWE.js:1:15351)
    at H (https://staging.quran-apps.itqan.dev/polyfills-JUTM3XWE.js:1:15647)
    at Image.z (https://staging.quran-apps.itqan.dev/polyfills-JUTM3XWE.js:1:15905) @ https://staging.quran-apps.itqan.dev/main-QF6N6I4X.js:16
[    5676ms] [WARNING] [ImagePreloader] Failed to preload: https://pub-e11717db663c469fb51c65995892b449.r2.dev/58_Werdy/developer_logo.png Error: Failed to load image: https://pub-e11717db663c469fb51c65995892b449.r2.dev/58_Werdy/developer_logo.png
    at i.onerror [as __zone_symbol__ON_PROPERTYerror] (https://staging.quran-apps.itqan.dev/main-QF6N6I4X.js:82:2163)
    at Image.Xe (https://staging.quran-apps.itqan.dev/polyfills-JUTM3XWE.js:1:12167)
    at f.invokeTask (https://staging.quran-apps.itqan.dev/polyfills-JUTM3XWE.js:1:7505)
    at e.runTask (https://staging.quran-apps.itqan.dev/polyfills-JUTM3XWE.js:1:2410)
    at g.invokeTask [as invoke] (https://staging.quran-apps.itqan.dev/polyfills-JUTM3XWE.js:1:8614)
    at L (https://staging.quran-apps.itqan.dev/polyfills-JUTM3XWE.js:1:15351)
    at H (https://staging.quran-apps.itqan.dev/polyfills-JUTM3XWE.js:1:15647)
    at Image.z (https://staging.quran-apps.itqan.dev/polyfills-JUTM3XWE.js:1:15905) @ https://staging.quran-apps.itqan.dev/main-QF6N6I4X.js:16
[    7683ms] [WARNING] [ImagePreloader] Failed to preload: https://pub-e11717db663c469fb51c65995892b449.r2.dev/61_Ehfaz Al Quran/developer_logo.png Error: Failed to load image: https://pub-e11717db663c469fb51c65995892b449.r2.dev/61_Ehfaz Al Quran/developer_logo.png
    at i.onerror [as __zone_symbol__ON_PROPERTYerror] (https://staging.quran-apps.itqan.dev/main-QF6N6I4X.js:82:2163)
    at Image.Xe (https://staging.quran-apps.itqan.dev/polyfills-JUTM3XWE.js:1:12167)
    at f.invokeTask (https://staging.quran-apps.itqan.dev/polyfills-JUTM3XWE.js:1:7505)
    at e.runTask (https://staging.quran-apps.itqan.dev/polyfills-JUTM3XWE.js:1:2410)
    at g.invokeTask [as invoke] (https://staging.quran-apps.itqan.dev/polyfills-JUTM3XWE.js:1:8614)
    at L (https://staging.quran-apps.itqan.dev/polyfills-JUTM3XWE.js:1:15351)
    at H (https://staging.quran-apps.itqan.dev/polyfills-JUTM3XWE.js:1:15647)
    at Image.z (https://staging.quran-apps.itqan.dev/polyfills-JUTM3XWE.js:1:15905) @ https://staging.quran-apps.itqan.dev/main-QF6N6I4X.js:16
[   10963ms] [WARNING] The resource https://staging.quran-apps.itqan.dev/assets/images/Social-Media-Thumnail.webp was preloaded using link preload but not used within a few seconds from the window's load event. Please make sure it has an appropriate `as` value and it is preloaded intentionally. @ https://staging.quran-apps.itqan.dev/en/search-comparison:0
[   10969ms] [WARNING] The resource https://staging.quran-apps.itqan.dev/assets/i18n/en.json was preloaded using link preload but not used within a few seconds from the window's load event. Please make sure it has an appropriate `as` value and it is preloaded intentionally. @ https://staging.quran-apps.itqan.dev/en/search-comparison:0
[   10969ms] [WARNING] The resource https://staging.quran-apps.itqan.dev/assets/images/banner.avif was preloaded using link preload but not used within a few seconds from the window's load event. Please make sure it has an appropriate `as` value and it is preloaded intentionally. @ https://staging.quran-apps.itqan.dev/en/search-comparison:0
[   10969ms] [WARNING] The resource https://staging.quran-apps.itqan.dev/assets/images/banner.png was preloaded using link preload but not used within a few seconds from the window's load event. Please make sure it has an appropriate `as` value and it is preloaded intentionally. @ https://staging.quran-apps.itqan.dev/en/search-comparison:0
[   10969ms] [WARNING] The resource https://staging.quran-apps.itqan.dev/assets/images/logo-svg.svg was preloaded using link preload but not used within a few seconds from the window's load event. Please make sure it has an appropriate `as` value and it is preloaded intentionally. @ https://staging.quran-apps.itqan.dev/en/search-comparison:0
[   10969ms] [WARNING] The resource https://staging.quran-apps.itqan.dev/assets/i18n/ar.json was preloaded using link preload but not used within a few seconds from the window's load event. Please make sure it has an appropriate `as` value and it is preloaded intentionally. @ https://staging.quran-apps.itqan.dev/en/search-comparison:0
[   10969ms] [WARNING] The resource https://staging.quran-apps.itqan.dev/assets/images/banner.webp was preloaded using link preload but not used within a few seconds from the window's load event. Please make sure it has an appropriate `as` value and it is preloaded intentionally. @ https://staging.quran-apps.itqan.dev/en/search-comparison:0
[   10969ms] [WARNING] The resource https://staging.quran-apps.itqan.dev/assets/images/logo-with-text.svg was preloaded using link preload but not used within a few seconds from the window's load event. Please make sure it has an appropriate `as` value and it is preloaded intentionally. @ https://staging.quran-apps.itqan.dev/en/search-comparison:0
[   15749ms] [WARNING] The resource https://staging.quran-apps.itqan.dev/assets/images/Social-Media-Thumnail.webp was preloaded using link preload but not used within a few seconds from the window's load event. Please make sure it has an appropriate `as` value and it is preloaded intentionally. @ https://staging.quran-apps.itqan.dev/en/search-comparison:0
[   15749ms] [WARNING] The resource https://staging.quran-apps.itqan.dev/assets/i18n/en.json was preloaded using link preload but not used within a few seconds from the window's load event. Please make sure it has an appropriate `as` value and it is preloaded intentionally. @ https://staging.quran-apps.itqan.dev/en/search-comparison:0
[   15749ms] [WARNING] The resource https://staging.quran-apps.itqan.dev/assets/images/banner.avif was preloaded using link preload but not used within a few seconds from the window's load event. Please make sure it has an appropriate `as` value and it is preloaded intentionally. @ https://staging.quran-apps.itqan.dev/en/search-comparison:0
[   15750ms] [WARNING] The resource https://staging.quran-apps.itqan.dev/assets/images/banner.png was preloaded using link preload but not used within a few seconds from the window's load event. Please make sure it has an appropriate `as` value and it is preloaded intentionally. @ https://staging.quran-apps.itqan.dev/en/search-comparison:0
[   15750ms] [WARNING] The resource https://staging.quran-apps.itqan.dev/assets/images/logo-svg.svg was preloaded using link preload but not used within a few seconds from the window's load event. Please make sure it has an appropriate `as` value and it is preloaded intentionally. @ https://staging.quran-apps.itqan.dev/en/search-comparison:0
[   15750ms] [WARNING] The resource https://staging.quran-apps.itqan.dev/assets/i18n/ar.json was preloaded using link preload but not used within a few seconds from the window's load event. Please make sure it has an appropriate `as` value and it is preloaded intentionally. @ https://staging.quran-apps.itqan.dev/en/search-comparison:0
[   15750ms] [WARNING] The resource https://staging.quran-apps.itqan.dev/assets/images/banner.webp was preloaded using link preload but not used within a few seconds from the window's load event. Please make sure it has an appropriate `as` value and it is preloaded intentionally. @ https://staging.quran-apps.itqan.dev/en/search-comparison:0
[   15750ms] [WARNING] The resource https://staging.quran-apps.itqan.dev/assets/images/logo-with-text.svg was preloaded using link preload but not used within a few seconds from the window's load event. Please make sure it has an appropriate `as` value and it is preloaded intentionally. @ https://staging.quran-apps.itqan.dev/en/search-comparison:0
[   28745ms] [WARNING] The resource https://staging.quran-apps.itqan.dev/assets/images/Social-Media-Thumnail.webp was preloaded using link preload but not used within a few seconds from the window's load event. Please make sure it has an appropriate `as` value and it is preloaded intentionally. @ https://staging.quran-apps.itqan.dev/en/search-comparison:0
[   28745ms] [WARNING] The resource https://staging.quran-apps.itqan.dev/assets/i18n/en.json was preloaded using link preload but not used within a few seconds from the window's load event. Please make sure it has an appropriate `as` value and it is preloaded intentionally. @ https://staging.quran-apps.itqan.dev/en/search-comparison:0
[   28745ms] [WARNING] The resource https://staging.quran-apps.itqan.dev/assets/images/banner.avif was preloaded using link preload but not used within a few seconds from the window's load event. Please make sure it has an appropriate `as` value and it is preloaded intentionally. @ https://staging.quran-apps.itqan.dev/en/search-comparison:0
[   28745ms] [WARNING] The resource https://staging.quran-apps.itqan.dev/assets/images/banner.png was preloaded using link preload but not used within a few seconds from the window's load event. Please make sure it has an appropriate `as` value and it is preloaded intentionally. @ https://staging.quran-apps.itqan.dev/en/search-comparison:0
[   28745ms] [WARNING] The resource https://staging.quran-apps.itqan.dev/assets/images/logo-svg.svg was preloaded using link preload but not used within a few seconds from the window's load event. Please make sure it has an appropriate `as` value and it is preloaded intentionally. @ https://staging.quran-apps.itqan.dev/en/search-comparison:0
[   28745ms] [WARNING] The resource https://staging.quran-apps.itqan.dev/assets/i18n/ar.json was preloaded using link preload but not used within a few seconds from the window's load event. Please make sure it has an appropriate `as` value and it is preloaded intentionally. @ https://staging.quran-apps.itqan.dev/en/search-comparison:0
[   28745ms] [WARNING] The resource https://staging.quran-apps.itqan.dev/assets/images/banner.webp was preloaded using link preload but not used within a few seconds from the window's load event. Please make sure it has an appropriate `as` value and it is preloaded intentionally. @ https://staging.quran-apps.itqan.dev/en/search-comparison:0
[   28745ms] [WARNING] The resource https://staging.quran-apps.itqan.dev/assets/images/logo-with-text.svg was preloaded using link preload but not used within a few seconds from the window's load event. Please make sure it has an appropriate `as` value and it is preloaded intentionally. @ https://staging.quran-apps.itqan.dev/en/search-comparison:0
[   43416ms] [WARNING] The resource https://staging.quran-apps.itqan.dev/assets/images/Social-Media-Thumnail.webp was preloaded using link preload but not used within a few seconds from the window's load event. Please make sure it has an appropriate `as` value and it is preloaded intentionally. @ https://staging.quran-apps.itqan.dev/en/search-comparison:0
[   43416ms] [WARNING] The resource https://staging.quran-apps.itqan.dev/assets/i18n/en.json was preloaded using link preload but not used within a few seconds from the window's load event. Please make sure it has an appropriate `as` value and it is preloaded intentionally. @ https://staging.quran-apps.itqan.dev/en/search-comparison:0
[   43416ms] [WARNING] The resource https://staging.quran-apps.itqan.dev/assets/images/banner.avif was preloaded using link preload but not used within a few seconds from the window's load event. Please make sure it has an appropriate `as` value and it is preloaded intentionally. @ https://staging.quran-apps.itqan.dev/en/search-comparison:0
[   43416ms] [WARNING] The resource https://staging.quran-apps.itqan.dev/assets/images/banner.png was preloaded using link preload but not used within a few seconds from the window's load event. Please make sure it has an appropriate `as` value and it is preloaded intentionally. @ https://staging.quran-apps.itqan.dev/en/search-comparison:0
[   43416ms] [WARNING] The resource https://staging.quran-apps.itqan.dev/assets/images/logo-svg.svg was preloaded using link preload but not used within a few seconds from the window's load event. Please make sure it has an appropriate `as` value and it is preloaded intentionally. @ https://staging.quran-apps.itqan.dev/en/search-comparison:0
[   43416ms] [WARNING] The resource https://staging.quran-apps.itqan.dev/assets/i18n/ar.json was preloaded using link preload but not used within a few seconds from the window's load event. Please make sure it has an appropriate `as` value and it is preloaded intentionally. @ https://staging.quran-apps.itqan.dev/en/search-comparison:0
[   43416ms] [WARNING] The resource https://staging.quran-apps.itqan.dev/assets/images/banner.webp was preloaded using link preload but not used within a few seconds from the window's load event. Please make sure it has an appropriate `as` value and it is preloaded intentionally. @ https://staging.quran-apps.itqan.dev/en/search-comparison:0
[   43416ms] [WARNING] The resource https://staging.quran-apps.itqan.dev/assets/images/logo-with-text.svg was preloaded using link preload but not used within a few seconds from the window's load event. Please make sure it has an appropriate `as` value and it is preloaded intentionally. @ https://staging.quran-apps.itqan.dev/en/search-comparison:0
[   55890ms] [WARNING] The resource https://staging.quran-apps.itqan.dev/assets/images/Social-Media-Thumnail.webp was preloaded using link preload but not used within a few seconds from the window's load event. Please make sure it has an appropriate `as` value and it is preloaded intentionally. @ https://staging.quran-apps.itqan.dev/en/search-comparison:0
[   55890ms] [WARNING] The resource https://staging.quran-apps.itqan.dev/assets/i18n/en.json was preloaded using link preload but not used within a few seconds from the window's load event. Please make sure it has an appropriate `as` value and it is preloaded intentionally. @ https://staging.quran-apps.itqan.dev/en/search-comparison:0
[   55890ms] [WARNING] The resource https://staging.quran-apps.itqan.dev/assets/images/banner.avif was preloaded using link preload but not used within a few seconds from the window's load event. Please make sure it has an appropriate `as` value and it is preloaded intentionally. @ https://staging.quran-apps.itqan.dev/en/search-comparison:0
[   55890ms] [WARNING] The resource https://staging.quran-apps.itqan.dev/assets/images/banner.png was preloaded using link preload but not used within a few seconds from the window's load event. Please make sure it has an appropriate `as` value and it is preloaded intentionally. @ https://staging.quran-apps.itqan.dev/en/search-comparison:0
[   55891ms] [WARNING] The resource https://staging.quran-apps.itqan.dev/assets/images/logo-svg.svg was preloaded using link preload but not used within a few seconds from the window's load event. Please make sure it has an appropriate `as` value and it is preloaded intentionally. @ https://staging.quran-apps.itqan.dev/en/search-comparison:0
[   55891ms] [WARNING] The resource https://staging.quran-apps.itqan.dev/assets/i18n/ar.json was preloaded using link preload but not used within a few seconds from the window's load event. Please make sure it has an appropriate `as` value and it is preloaded intentionally. @ https://staging.quran-apps.itqan.dev/en/search-comparison:0
[   55891ms] [WARNING] The resource https://staging.quran-apps.itqan.dev/assets/images/banner.webp was preloaded using link preload but not used within a few seconds from the window's load event. Please make sure it has an appropriate `as` value and it is preloaded intentionally. @ https://staging.quran-apps.itqan.dev/en/search-comparison:0
[   55891ms] [WARNING] The resource https://staging.quran-apps.itqan.dev/assets/images/logo-with-text.svg was preloaded using link preload but not used within a few seconds from the window's load event. Please make sure it has an appropriate `as` value and it is preloaded intentionally. @ https://staging.quran-apps.itqan.dev/en/search-comparison:0
[25203067ms] [WARNING] The resource https://staging.quran-apps.itqan.dev/assets/images/Social-Media-Thumnail.webp was preloaded using link preload but not used within a few seconds from the window's load event. Please make sure it has an appropriate `as` value and it is preloaded intentionally. @ https://staging.quran-apps.itqan.dev/en/search-comparison:0
[25203067ms] [WARNING] The resource https://staging.quran-apps.itqan.dev/assets/i18n/en.json was preloaded using link preload but not used within a few seconds from the window's load event. Please make sure it has an appropriate `as` value and it is preloaded intentionally. @ https://staging.quran-apps.itqan.dev/en/search-comparison:0
[25203067ms] [WARNING] The resource https://staging.quran-apps.itqan.dev/assets/images/banner.avif was preloaded using link preload but not used within a few seconds from the window's load event. Please make sure it has an appropriate `as` value and it is preloaded intentionally. @ https://staging.quran-apps.itqan.dev/en/search-comparison:0
[25203067ms] [WARNING] The resource https://staging.quran-apps.itqan.dev/assets/images/banner.png was preloaded using link preload but not used within a few seconds from the window's load event. Please make sure it has an appropriate `as` value and it is preloaded intentionally. @ https://staging.quran-apps.itqan.dev/en/search-comparison:0
[25203067ms] [WARNING] The resource https://staging.quran-apps.itqan.dev/assets/images/logo-svg.svg was preloaded using link preload but not used within a few seconds from the window's load event. Please make sure it has an appropriate `as` value and it is preloaded intentionally. @ https://staging.quran-apps.itqan.dev/en/search-comparison:0
[25203067ms] [WARNING] The resource https://staging.quran-apps.itqan.dev/assets/i18n/ar.json was preloaded using link preload but not used within a few seconds from the window's load event. Please make sure it has an appropriate `as` value and it is preloaded intentionally. @ https://staging.quran-apps.itqan.dev/en/search-comparison:0
[25203067ms] [WARNING] The resource https://staging.quran-apps.itqan.dev/assets/images/banner.webp was preloaded using link preload but not used within a few seconds from the window's load event. Please make sure it has an appropriate `as` value and it is preloaded intentionally. @ https://staging.quran-apps.itqan.dev/en/search-comparison:0
[25203067ms] [WARNING] The resource https://staging.quran-apps.itqan.dev/assets/images/logo-with-text.svg was preloaded using link preload but not used within a few seconds from the window's load event. Please make sure it has an appropriate `as` value and it is preloaded intentionally. @ https://staging.quran-apps.itqan.dev/en/search-comparison:0
[25220976ms] [WARNING] The resource https://staging.quran-apps.itqan.dev/assets/images/Social-Media-Thumnail.webp was preloaded using link preload but not used within a few seconds from the window's load event. Please make sure it has an appropriate `as` value and it is preloaded intentionally. @ https://staging.quran-apps.itqan.dev/en/search-comparison:0
[25220976ms] [WARNING] The resource https://staging.quran-apps.itqan.dev/assets/i18n/en.json was preloaded using link preload but not used within a few seconds from the window's load event. Please make sure it has an appropriate `as` value and it is preloaded intentionally. @ https://staging.quran-apps.itqan.dev/en/search-comparison:0
[25220976ms] [WARNING] The resource https://staging.quran-apps.itqan.dev/assets/images/banner.avif was preloaded using link preload but not used within a few seconds from the window's load event. Please make sure it has an appropriate `as` value and it is preloaded intentionally. @ https://staging.quran-apps.itqan.dev/en/search-comparison:0
[25220976ms] [WARNING] The resource https://staging.quran-apps.itqan.dev/assets/images/banner.png was preloaded using link preload but not used within a few seconds from the window's load event. Please make sure it has an appropriate `as` value and it is preloaded intentionally. @ https://staging.quran-apps.itqan.dev/en/search-comparison:0
[25220976ms] [WARNING] The resource https://staging.quran-apps.itqan.dev/assets/images/logo-svg.svg was preloaded using link preload but not used within a few seconds from the window's load event. Please make sure it has an appropriate `as` value and it is preloaded intentionally. @ https://staging.quran-apps.itqan.dev/en/search-comparison:0
[25220976ms] [WARNING] The resource https://staging.quran-apps.itqan.dev/assets/i18n/ar.json was preloaded using link preload but not used within a few seconds from the window's load event. Please make sure it has an appropriate `as` value and it is preloaded intentionally. @ https://staging.quran-apps.itqan.dev/en/search-comparison:0
[25220977ms] [WARNING] The resource https://staging.quran-apps.itqan.dev/assets/images/banner.webp was preloaded using link preload but not used within a few seconds from the window's load event. Please make sure it has an appropriate `as` value and it is preloaded intentionally. @ https://staging.quran-apps.itqan.dev/en/search-comparison:0
[25220977ms] [WARNING] The resource https://staging.quran-apps.itqan.dev/assets/images/logo-with-text.svg was preloaded using link preload but not used within a few seconds from the window's load event. Please make sure it has an appropriate `as` value and it is preloaded intentionally. @ https://staging.quran-apps.itqan.dev/en/search-comparison:0
[25232978ms] [WARNING] ⏱️ Request timeout: https://qad-backend-api-staging.up.railway.app/api/search/hybrid/ (15000ms) @ https://staging.quran-apps.itqan.dev/main-QF6N6I4X.js:16
[25232980ms] [WARNING] ⏱️ Request timeout: https://qad-backend-api-staging.up.railway.app/api/search/hybrid/ (15000ms) @ https://staging.quran-apps.itqan.dev/main-QF6N6I4X.js:16
[25233799ms] [ERROR] Failed to load resource: the server responded with a status of 429 () @ https://qad-backend-api-staging.up.railway.app/api/sentry-tunnel/:0
[25236850ms] [WARNING] The resource https://staging.quran-apps.itqan.dev/assets/images/Social-Media-Thumnail.webp was preloaded using link preload but not used within a few seconds from the window's load event. Please make sure it has an appropriate `as` value and it is preloaded intentionally. @ https://staging.quran-apps.itqan.dev/en/search-comparison:0
[25236851ms] [WARNING] The resource https://staging.quran-apps.itqan.dev/assets/i18n/en.json was preloaded using link preload but not used within a few seconds from the window's load event. Please make sure it has an appropriate `as` value and it is preloaded intentionally. @ https://staging.quran-apps.itqan.dev/en/search-comparison:0
[25236851ms] [WARNING] The resource https://staging.quran-apps.itqan.dev/assets/images/banner.avif was preloaded using link preload but not used within a few seconds from the window's load event. Please make sure it has an appropriate `as` value and it is preloaded intentionally. @ https://staging.quran-apps.itqan.dev/en/search-comparison:0
[25236851ms] [WARNING] The resource https://staging.quran-apps.itqan.dev/assets/images/banner.png was preloaded using link preload but not used within a few seconds from the window's load event. Please make sure it has an appropriate `as` value and it is preloaded intentionally. @ https://staging.quran-apps.itqan.dev/en/search-comparison:0
[25236851ms] [WARNING] The resource https://staging.quran-apps.itqan.dev/assets/images/logo-svg.svg was preloaded using link preload but not used within a few seconds from the window's load event. Please make sure it has an appropriate `as` value and it is preloaded intentionally. @ https://staging.quran-apps.itqan.dev/en/search-comparison:0
[25236851ms] [WARNING] The resource https://staging.quran-apps.itqan.dev/assets/i18n/ar.json was preloaded using link preload but not used within a few seconds from the window's load event. Please make sure it has an appropriate `as` value and it is preloaded intentionally. @ https://staging.quran-apps.itqan.dev/en/search-comparison:0
[25236851ms] [WARNING] The resource https://staging.quran-apps.itqan.dev/assets/images/banner.webp was preloaded using link preload but not used within a few seconds from the window's load event. Please make sure it has an appropriate `as` value and it is preloaded intentionally. @ https://staging.quran-apps.itqan.dev/en/search-comparison:0
[25236851ms] [WARNING] The resource https://staging.quran-apps.itqan.dev/assets/images/logo-with-text.svg was preloaded using link preload but not used within a few seconds from the window's load event. Please make sure it has an appropriate `as` value and it is preloaded intentionally. @ https://staging.quran-apps.itqan.dev/en/search-comparison:0
[25243040ms] [WARNING] The resource https://staging.quran-apps.itqan.dev/assets/images/Social-Media-Thumnail.webp was preloaded using link preload but not used within a few seconds from the window's load event. Please make sure it has an appropriate `as` value and it is preloaded intentionally. @ https://staging.quran-apps.itqan.dev/en/search-comparison:0
[25243040ms] [WARNING] The resource https://staging.quran-apps.itqan.dev/assets/i18n/en.json was preloaded using link preload but not used within a few seconds from the window's load event. Please make sure it has an appropriate `as` value and it is preloaded intentionally. @ https://staging.quran-apps.itqan.dev/en/search-comparison:0
[25243040ms] [WARNING] The resource https://staging.quran-apps.itqan.dev/assets/images/banner.avif was preloaded using link preload but not used within a few seconds from the window's load event. Please make sure it has an appropriate `as` value and it is preloaded intentionally. @ https://staging.quran-apps.itqan.dev/en/search-comparison:0
[25243040ms] [WARNING] The resource https://staging.quran-apps.itqan.dev/assets/images/banner.png was preloaded using link preload but not used within a few seconds from the window's load event. Please make sure it has an appropriate `as` value and it is preloaded intentionally. @ https://staging.quran-apps.itqan.dev/en/search-comparison:0
[25243040ms] [WARNING] The resource https://staging.quran-apps.itqan.dev/assets/images/logo-svg.svg was preloaded using link preload but not used within a few seconds from the window's load event. Please make sure it has an appropriate `as` value and it is preloaded intentionally. @ https://staging.quran-apps.itqan.dev/en/search-comparison:0
[25243040ms] [WARNING] The resource https://staging.quran-apps.itqan.dev/assets/i18n/ar.json was preloaded using link preload but not used within a few seconds from the window's load event. Please make sure it has an appropriate `as` value and it is preloaded intentionally. @ https://staging.quran-apps.itqan.dev/en/search-comparison:0
[25243040ms] [WARNING] The resource https://staging.quran-apps.itqan.dev/assets/images/banner.webp was preloaded using link preload but not used within a few seconds from the window's load event. Please make sure it has an appropriate `as` value and it is preloaded intentionally. @ https://staging.quran-apps.itqan.dev/en/search-comparison:0
[25243040ms] [WARNING] The resource https://staging.quran-apps.itqan.dev/assets/images/logo-with-text.svg was preloaded using link preload but not used within a few seconds from the window's load event. Please make sure it has an appropriate `as` value and it is preloaded intentionally. @ https://staging.quran-apps.itqan.dev/en/search-comparison:0
[25252187ms] [WARNING] The resource https://staging.quran-apps.itqan.dev/assets/images/Social-Media-Thumnail.webp was preloaded using link preload but not used within a few seconds from the window's load event. Please make sure it has an appropriate `as` value and it is preloaded intentionally. @ https://staging.quran-apps.itqan.dev/en/search-comparison:0
[25252188ms] [WARNING] The resource https://staging.quran-apps.itqan.dev/assets/i18n/en.json was preloaded using link preload but not used within a few seconds from the window's load event. Please make sure it has an appropriate `as` value and it is preloaded intentionally. @ https://staging.quran-apps.itqan.dev/en/search-comparison:0
[25252188ms] [WARNING] The resource https://staging.quran-apps.itqan.dev/assets/images/banner.avif was preloaded using link preload but not used within a few seconds from the window's load event. Please make sure it has an appropriate `as` value and it is preloaded intentionally. @ https://staging.quran-apps.itqan.dev/en/search-comparison:0
[25252188ms] [WARNING] The resource https://staging.quran-apps.itqan.dev/assets/images/banner.png was preloaded using link preload but not used within a few seconds from the window's load event. Please make sure it has an appropriate `as` value and it is preloaded intentionally. @ https://staging.quran-apps.itqan.dev/en/search-comparison:0
[25252188ms] [WARNING] The resource https://staging.quran-apps.itqan.dev/assets/images/logo-svg.svg was preloaded using link preload but not used within a few seconds from the window's load event. Please make sure it has an appropriate `as` value and it is preloaded intentionally. @ https://staging.quran-apps.itqan.dev/en/search-comparison:0
[25252188ms] [WARNING] The resource https://staging.quran-apps.itqan.dev/assets/i18n/ar.json was preloaded using link preload but not used within a few seconds from the window's load event. Please make sure it has an appropriate `as` value and it is preloaded intentionally. @ https://staging.quran-apps.itqan.dev/en/search-comparison:0
[25252188ms] [WARNING] The resource https://staging.quran-apps.itqan.dev/assets/images/banner.webp was preloaded using link preload but not used within a few seconds from the window's load event. Please make sure it has an appropriate `as` value and it is preloaded intentionally. @ https://staging.quran-apps.itqan.dev/en/search-comparison:0
[25252188ms] [WARNING] The resource https://staging.quran-apps.itqan.dev/assets/images/logo-with-text.svg was preloaded using link preload but not used within a few seconds from the window's load event. Please make sure it has an appropriate `as` value and it is preloaded intentionally. @ https://staging.quran-apps.itqan.dev/en/search-comparison:0
[25271679ms] [WARNING] The resource https://staging.quran-apps.itqan.dev/assets/images/Social-Media-Thumnail.webp was preloaded using link preload but not used within a few seconds from the window's load event. Please make sure it has an appropriate `as` value and it is preloaded intentionally. @ https://staging.quran-apps.itqan.dev/en/search-comparison:0
[25271679ms] [WARNING] The resource https://staging.quran-apps.itqan.dev/assets/i18n/en.json was preloaded using link preload but not used within a few seconds from the window's load event. Please make sure it has an appropriate `as` value and it is preloaded intentionally. @ https://staging.quran-apps.itqan.dev/en/search-comparison:0
[25271679ms] [WARNING] The resource https://staging.quran-apps.itqan.dev/assets/images/banner.avif was preloaded using link preload but not used within a few seconds from the window's load event. Please make sure it has an appropriate `as` value and it is preloaded intentionally. @ https://staging.quran-apps.itqan.dev/en/search-comparison:0
[25271679ms] [WARNING] The resource https://staging.quran-apps.itqan.dev/assets/images/banner.png was preloaded using link preload but not used within a few seconds from the window's load event. Please make sure it has an appropriate `as` value and it is preloaded intentionally. @ https://staging.quran-apps.itqan.dev/en/search-comparison:0
[25271679ms] [WARNING] The resource https://staging.quran-apps.itqan.dev/assets/images/logo-svg.svg was preloaded using link preload but not used within a few seconds from the window's load event. Please make sure it has an appropriate `as` value and it is preloaded intentionally. @ https://staging.quran-apps.itqan.dev/en/search-comparison:0
[25271679ms] [WARNING] The resource https://staging.quran-apps.itqan.dev/assets/i18n/ar.json was preloaded using link preload but not used within a few seconds from the window's load event. Please make sure it has an appropriate `as` value and it is preloaded intentionally. @ https://staging.quran-apps.itqan.dev/en/search-comparison:0
[25271679ms] [WARNING] The resource https://staging.quran-apps.itqan.dev/assets/images/banner.webp was preloaded using link preload but not used within a few seconds from the window's load event. Please make sure it has an appropriate `as` value and it is preloaded intentionally. @ https://staging.quran-apps.itqan.dev/en/search-comparison:0
[25271679ms] [WARNING] The resource https://staging.quran-apps.itqan.dev/assets/images/logo-with-text.svg was preloaded using link preload but not used within a few seconds from the window's load event. Please make sure it has an appropriate `as` value and it is preloaded intentionally. @ https://staging.quran-apps.itqan.dev/en/search-comparison:0
[25279142ms] [WARNING] The resource https://staging.quran-apps.itqan.dev/assets/images/Social-Media-Thumnail.webp was preloaded using link preload but not used within a few seconds from the window's load event. Please make sure it has an appropriate `as` value and it is preloaded intentionally. @ https://staging.quran-apps.itqan.dev/en/search-comparison:0
[25279142ms] [WARNING] The resource https://staging.quran-apps.itqan.dev/assets/i18n/en.json was preloaded using link preload but not used within a few seconds from the window's load event. Please make sure it has an appropriate `as` value and it is preloaded intentionally. @ https://staging.quran-apps.itqan.dev/en/search-comparison:0
[25279142ms] [WARNING] The resource https://staging.quran-apps.itqan.dev/assets/images/banner.avif was preloaded using link preload but not used within a few seconds from the window's load event. Please make sure it has an appropriate `as` value and it is preloaded intentionally. @ https://staging.quran-apps.itqan.dev/en/search-comparison:0
[25279142ms] [WARNING] The resource https://staging.quran-apps.itqan.dev/assets/images/banner.png was preloaded using link preload but not used within a few seconds from the window's load event. Please make sure it has an appropriate `as` value and it is preloaded intentionally. @ https://staging.quran-apps.itqan.dev/en/search-comparison:0
[25279142ms] [WARNING] The resource https://staging.quran-apps.itqan.dev/assets/images/logo-svg.svg was preloaded using link preload but not used within a few seconds from the window's load event. Please make sure it has an appropriate `as` value and it is preloaded intentionally. @ https://staging.quran-apps.itqan.dev/en/search-comparison:0
[25279142ms] [WARNING] The resource https://staging.quran-apps.itqan.dev/assets/i18n/ar.json was preloaded using link preload but not used within a few seconds from the window's load event. Please make sure it has an appropriate `as` value and it is preloaded intentionally. @ https://staging.quran-apps.itqan.dev/en/search-comparison:0
[25279142ms] [WARNING] The resource https://staging.quran-apps.itqan.dev/assets/images/banner.webp was preloaded using link preload but not used within a few seconds from the window's load event. Please make sure it has an appropriate `as` value and it is preloaded intentionally. @ https://staging.quran-apps.itqan.dev/en/search-comparison:0
[25279142ms] [WARNING] The resource https://staging.quran-apps.itqan.dev/assets/images/logo-with-text.svg was preloaded using link preload but not used within a few seconds from the window's load event. Please make sure it has an appropriate `as` value and it is preloaded intentionally. @ https://staging.quran-apps.itqan.dev/en/search-comparison:0
[25288382ms] [WARNING] The resource https://staging.quran-apps.itqan.dev/assets/images/Social-Media-Thumnail.webp was preloaded using link preload but not used within a few seconds from the window's load event. Please make sure it has an appropriate `as` value and it is preloaded intentionally. @ https://staging.quran-apps.itqan.dev/en/search-comparison:0
[25288382ms] [WARNING] The resource https://staging.quran-apps.itqan.dev/assets/i18n/en.json was preloaded using link preload but not used within a few seconds from the window's load event. Please make sure it has an appropriate `as` value and it is preloaded intentionally. @ https://staging.quran-apps.itqan.dev/en/search-comparison:0
[25288382ms] [WARNING] The resource https://staging.quran-apps.itqan.dev/assets/images/banner.avif was preloaded using link preload but not used within a few seconds from the window's load event. Please make sure it has an appropriate `as` value and it is preloaded intentionally. @ https://staging.quran-apps.itqan.dev/en/search-comparison:0
[25288382ms] [WARNING] The resource https://staging.quran-apps.itqan.dev/assets/images/banner.png was preloaded using link preload but not used within a few seconds from the window's load event. Please make sure it has an appropriate `as` value and it is preloaded intentionally. @ https://staging.quran-apps.itqan.dev/en/search-comparison:0
[25288382ms] [WARNING] The resource https://staging.quran-apps.itqan.dev/assets/images/logo-svg.svg was preloaded using link preload but not used within a few seconds from the window's load event. Please make sure it has an appropriate `as` value and it is preloaded intentionally. @ https://staging.quran-apps.itqan.dev/en/search-comparison:0
[25288382ms] [WARNING] The resource https://staging.quran-apps.itqan.dev/assets/i18n/ar.json was preloaded using link preload but not used within a few seconds from the window's load event. Please make sure it has an appropriate `as` value and it is preloaded intentionally. @ https://staging.quran-apps.itqan.dev/en/search-comparison:0
[25288383ms] [WARNING] The resource https://staging.quran-apps.itqan.dev/assets/images/banner.webp was preloaded using link preload but not used within a few seconds from the window's load event. Please make sure it has an appropriate `as` value and it is preloaded intentionally. @ https://staging.quran-apps.itqan.dev/en/search-comparison:0
[25288383ms] [WARNING] The resource https://staging.quran-apps.itqan.dev/assets/images/logo-with-text.svg was preloaded using link preload but not used within a few seconds from the window's load event. Please make sure it has an appropriate `as` value and it is preloaded intentionally. @ https://staging.quran-apps.itqan.dev/en/search-comparison:0
[25292813ms] [WARNING] The resource https://staging.quran-apps.itqan.dev/assets/images/Social-Media-Thumnail.webp was preloaded using link preload but not used within a few seconds from the window's load event. Please make sure it has an appropriate `as` value and it is preloaded intentionally. @ https://staging.quran-apps.itqan.dev/en/search-comparison:0
[25292814ms] [WARNING] The resource https://staging.quran-apps.itqan.dev/assets/i18n/en.json was preloaded using link preload but not used within a few seconds from the window's load event. Please make sure it has an appropriate `as` value and it is preloaded intentionally. @ https://staging.quran-apps.itqan.dev/en/search-comparison:0
[25292814ms] [WARNING] The resource https://staging.quran-apps.itqan.dev/assets/images/banner.avif was preloaded using link preload but not used within a few seconds from the window's load event. Please make sure it has an appropriate `as` value and it is preloaded intentionally. @ https://staging.quran-apps.itqan.dev/en/search-comparison:0
[25292814ms] [WARNING] The resource https://staging.quran-apps.itqan.dev/assets/images/banner.png was preloaded using link preload but not used within a few seconds from the window's load event. Please make sure it has an appropriate `as` value and it is preloaded intentionally. @ https://staging.quran-apps.itqan.dev/en/search-comparison:0
[25292814ms] [WARNING] The resource https://staging.quran-apps.itqan.dev/assets/images/logo-svg.svg was preloaded using link preload but not used within a few seconds from the window's load event. Please make sure it has an appropriate `as` value and it is preloaded intentionally. @ https://staging.quran-apps.itqan.dev/en/search-comparison:0
[25292814ms] [WARNING] The resource https://staging.quran-apps.itqan.dev/assets/i18n/ar.json was preloaded using link preload but not used within a few seconds from the window's load event. Please make sure it has an appropriate `as` value and it is preloaded intentionally. @ https://staging.quran-apps.itqan.dev/en/search-comparison:0
[25292814ms] [WARNING] The resource https://staging.quran-apps.itqan.dev/assets/images/banner.webp was preloaded using link preload but not used within a few seconds from the window's load event. Please make sure it has an appropriate `as` value and it is preloaded intentionally. @ https://staging.quran-apps.itqan.dev/en/search-comparison:0
[25292814ms] [WARNING] The resource https://staging.quran-apps.itqan.dev/assets/images/logo-with-text.svg was preloaded using link preload but not used within a few seconds from the window's load event. Please make sure it has an appropriate `as` value and it is preloaded intentionally. @ https://staging.quran-apps.itqan.dev/en/search-comparison:0
[25317864ms] [ERROR] Failed to load resource: the server responded with a status of 404 () @ https://qad-backend-api-staging.up.railway.app/api/apps/70-quranic%20recitations%20collection/:0
[25323299ms] [WARNING] The resource https://staging.quran-apps.itqan.dev/assets/images/Social-Media-Thumnail.webp was preloaded using link preload but not used within a few seconds from the window's load event. Please make sure it has an appropriate `as` value and it is preloaded intentionally. @ https://staging.quran-apps.itqan.dev/en/search-comparison:0
[25323299ms] [WARNING] The resource https://staging.quran-apps.itqan.dev/assets/i18n/en.json was preloaded using link preload but not used within a few seconds from the window's load event. Please make sure it has an appropriate `as` value and it is preloaded intentionally. @ https://staging.quran-apps.itqan.dev/en/search-comparison:0
[25323299ms] [WARNING] The resource https://staging.quran-apps.itqan.dev/assets/images/banner.avif was preloaded using link preload but not used within a few seconds from the window's load event. Please make sure it has an appropriate `as` value and it is preloaded intentionally. @ https://staging.quran-apps.itqan.dev/en/search-comparison:0
[25323299ms] [WARNING] The resource https://staging.quran-apps.itqan.dev/assets/images/banner.png was preloaded using link preload but not used within a few seconds from the window's load event. Please make sure it has an appropriate `as` value and it is preloaded intentionally. @ https://staging.quran-apps.itqan.dev/en/search-comparison:0
[25323299ms] [WARNING] The resource https://staging.quran-apps.itqan.dev/assets/images/logo-svg.svg was preloaded using link preload but not used within a few seconds from the window's load event. Please make sure it has an appropriate `as` value and it is preloaded intentionally. @ https://staging.quran-apps.itqan.dev/en/search-comparison:0
[25323299ms] [WARNING] The resource https://staging.quran-apps.itqan.dev/assets/i18n/ar.json was preloaded using link preload but not used within a few seconds from the window's load event. Please make sure it has an appropriate `as` value and it is preloaded intentionally. @ https://staging.quran-apps.itqan.dev/en/search-comparison:0
[25323299ms] [WARNING] The resource https://staging.quran-apps.itqan.dev/assets/images/banner.webp was preloaded using link preload but not used within a few seconds from the window's load event. Please make sure it has an appropriate `as` value and it is preloaded intentionally. @ https://staging.quran-apps.itqan.dev/en/search-comparison:0
[25323299ms] [WARNING] The resource https://staging.quran-apps.itqan.dev/assets/images/logo-with-text.svg was preloaded using link preload but not used within a few seconds from the window's load event. Please make sure it has an appropriate `as` value and it is preloaded intentionally. @ https://staging.quran-apps.itqan.dev/en/search-comparison:0
