[    2480ms] [WARNING] [ImagePreloader] Failed to preload: https://pub-e11717db663c469fb51c65995892b449.r2.dev/15_Ayah/developer_logo.Not Found Error: Failed to load image: https://pub-e11717db663c469fb51c65995892b449.r2.dev/15_Ayah/developer_logo.Not Found
    at i.onerror [as __zone_symbol__ON_PROPERTYerror] (https://staging.quran-apps.itqan.dev/main-QF6N6I4X.js:82:2163)
    at Image.Xe (https://staging.quran-apps.itqan.dev/polyfills-JUTM3XWE.js:1:12167)
    at f.invokeTask (https://staging.quran-apps.itqan.dev/polyfills-JUTM3XWE.js:1:7505)
    at e.runTask (https://staging.quran-apps.itqan.dev/polyfills-JUTM3XWE.js:1:2410)
    at g.invokeTask [as invoke] (https://staging.quran-apps.itqan.dev/polyfills-JUTM3XWE.js:1:8614)
    at L (https://staging.quran-apps.itqan.dev/polyfills-JUTM3XWE.js:1:15351)
    at H (https://staging.quran-apps.itqan.dev/polyfills-JUTM3XWE.js:1:15647)
    at Image.z (https://staging.quran-apps.itqan.dev/polyfills-JUTM3XWE.js:1:15905) @ https://staging.quran-apps.itqan.dev/main-QF6N6I4X.js:16
[    2502ms] [WARNING] [ImagePreloader] Failed to preload: https://pub-e11717db663c469fb51c65995892b449.r2.dev/39_Ayah widget/developer_logo.Not Found Error: Failed to load image: https://pub-e11717db663c469fb51c65995892b449.r2.dev/39_Ayah widget/developer_logo.Not Found
    at i.onerror [as __zone_symbol__ON_PROPERTYerror] (https://staging.quran-apps.itqan.dev/main-QF6N6I4X.js:82:2163)
    at Image.Xe (https://staging.quran-apps.itqan.dev/polyfills-JUTM3XWE.js:1:12167)
    at f.invokeTask (https://staging.quran-apps.itqan.dev/polyfills-JUTM3XWE.js:1:7505)
    at e.runTask (https://staging.quran-apps.itqan.dev/polyfills-JUTM3XWE.js:1:2410)
    at g.invokeTask [as invoke] (https://staging.quran-apps.itqan.dev/polyfills-JUTM3XWE.js:1:8614)
    at L (https://staging.quran-apps.itqan.dev/polyfills-JUTM3XWE.js:1:15351)
    at H (https://staging.quran-apps.itqan.dev/polyfills-JUTM3XWE.js:1:15647)
    at Image.z (https://staging.quran-apps.itqan.dev/polyfills-JUTM3XWE.js:1:15905) @ https://staging.quran-apps.itqan.dev/main-QF6N6I4X.js:16
[    2524ms] [WARNING] [ImagePreloader] Failed to preload: https://pub-e11717db663c469fb51c65995892b449.r2.dev/55_Alfanous/developer_logo.png Error: Failed to load image: https://pub-e11717db663c469fb51c65995892b449.r2.dev/55_Alfanous/developer_logo.png
    at i.onerror [as __zone_symbol__ON_PROPERTYerror] (https://staging.quran-apps.itqan.dev/main-QF6N6I4X.js:82:2163)
    at Image.Xe (https://staging.quran-apps.itqan.dev/polyfills-JUTM3XWE.js:1:12167)
    at f.invokeTask (https://staging.quran-apps.itqan.dev/polyfills-JUTM3XWE.js:1:7505)
    at e.runTask (https://staging.quran-apps.itqan.dev/polyfills-JUTM3XWE.js:1:2410)
    at g.invokeTask [as invoke] (https://staging.quran-apps.itqan.dev/polyfills-JUTM3XWE.js:1:8614)
    at L (https://staging.quran-apps.itqan.dev/polyfills-JUTM3XWE.js:1:15351)
    at H (https://staging.quran-apps.itqan.dev/polyfills-JUTM3XWE.js:1:15647)
    at Image.z (https://staging.quran-apps.itqan.dev/polyfills-JUTM3XWE.js:1:15905) @ https://staging.quran-apps.itqan.dev/main-QF6N6I4X.js:16
[    2544ms] [WARNING] [ImagePreloader] Failed to preload: https://pub-e11717db663c469fb51c65995892b449.r2.dev/57_Noor International Quran/developer_logo.png Error: Failed to load image: https://pub-e11717db663c469fb51c65995892b449.r2.dev/57_Noor International Quran/developer_logo.png
    at i.onerror [as __zone_symbol__ON_PROPERTYerror] (https://staging.quran-apps.itqan.dev/main-QF6N6I4X.js:82:2163)
    at Image.Xe (https://staging.quran-apps.itqan.dev/polyfills-JUTM3XWE.js:1:12167)
    at f.invokeTask (https://staging.quran-apps.itqan.dev/polyfills-JUTM3XWE.js:1:7505)
    at e.runTask (https://staging.quran-apps.itqan.dev/polyfills-JUTM3XWE.js:1:2410)
    at g.invokeTask [as invoke] (https://staging.quran-apps.itqan.dev/polyfills-JUTM3XWE.js:1:8614)
    at L (https://staging.quran-apps.itqan.dev/polyfills-JUTM3XWE.js:1:15351)
    at H (https://staging.quran-apps.itqan.dev/polyfills-JUTM3XWE.js:1:15647)
    at Image.z (https://staging.quran-apps.itqan.dev/polyfills-JUTM3XWE.js:1:15905) @ https://staging.quran-apps.itqan.dev/main-QF6N6I4X.js:16
[    2561ms] [WARNING] [ImagePreloader] Failed to preload: https://pub-e11717db663c469fb51c65995892b449.r2.dev/58_Werdy/developer_logo.png Error: Failed to load image: https://pub-e11717db663c469fb51c65995892b449.r2.dev/58_Werdy/developer_logo.png
    at i.onerror [as __zone_symbol__ON_PROPERTYerror] (https://staging.quran-apps.itqan.dev/main-QF6N6I4X.js:82:2163)
    at Image.Xe (https://staging.quran-apps.itqan.dev/polyfills-JUTM3XWE.js:1:12167)
    at f.invokeTask (https://staging.quran-apps.itqan.dev/polyfills-JUTM3XWE.js:1:7505)
    at e.runTask (https://staging.quran-apps.itqan.dev/polyfills-JUTM3XWE.js:1:2410)
    at g.invokeTask [as invoke] (https://staging.quran-apps.itqan.dev/polyfills-JUTM3XWE.js:1:8614)
    at L (https://staging.quran-apps.itqan.dev/polyfills-JUTM3XWE.js:1:15351)
    at H (https://staging.quran-apps.itqan.dev/polyfills-JUTM3XWE.js:1:15647)
    at Image.z (https://staging.quran-apps.itqan.dev/polyfills-JUTM3XWE.js:1:15905) @ https://staging.quran-apps.itqan.dev/main-QF6N6I4X.js:16
[    2583ms] [WARNING] [ImagePreloader] Failed to preload: https://pub-e11717db663c469fb51c65995892b449.r2.dev/61_Ehfaz Al Quran/developer_logo.png Error: Failed to load image: https://pub-e11717db663c469fb51c65995892b449.r2.dev/61_Ehfaz Al Quran/developer_logo.png
    at i.onerror [as __zone_symbol__ON_PROPERTYerror] (https://staging.quran-apps.itqan.dev/main-QF6N6I4X.js:82:2163)
    at Image.Xe (https://staging.quran-apps.itqan.dev/polyfills-JUTM3XWE.js:1:12167)
    at f.invokeTask (https://staging.quran-apps.itqan.dev/polyfills-JUTM3XWE.js:1:7505)
    at e.runTask (https://staging.quran-apps.itqan.dev/polyfills-JUTM3XWE.js:1:2410)
    at g.invokeTask [as invoke] (https://staging.quran-apps.itqan.dev/polyfills-JUTM3XWE.js:1:8614)
    at L (https://staging.quran-apps.itqan.dev/polyfills-JUTM3XWE.js:1:15351)
    at H (https://staging.quran-apps.itqan.dev/polyfills-JUTM3XWE.js:1:15647)
    at Image.z (https://staging.quran-apps.itqan.dev/polyfills-JUTM3XWE.js:1:15905) @ https://staging.quran-apps.itqan.dev/main-QF6N6I4X.js:16
[    8399ms] [WARNING] The resource https://staging.quran-apps.itqan.dev/assets/images/Social-Media-Thumnail.webp was preloaded using link preload but not used within a few seconds from the window's load event. Please make sure it has an appropriate `as` value and it is preloaded intentionally. @ https://staging.quran-apps.itqan.dev/en/search-comparison:0
[    8399ms] [WARNING] The resource https://staging.quran-apps.itqan.dev/assets/i18n/en.json was preloaded using link preload but not used within a few seconds from the window's load event. Please make sure it has an appropriate `as` value and it is preloaded intentionally. @ https://staging.quran-apps.itqan.dev/en/search-comparison:0
[    8399ms] [WARNING] The resource https://staging.quran-apps.itqan.dev/assets/images/banner.avif was preloaded using link preload but not used within a few seconds from the window's load event. Please make sure it has an appropriate `as` value and it is preloaded intentionally. @ https://staging.quran-apps.itqan.dev/en/search-comparison:0
[    8399ms] [WARNING] The resource https://staging.quran-apps.itqan.dev/assets/images/banner.png was preloaded using link preload but not used within a few seconds from the window's load event. Please make sure it has an appropriate `as` value and it is preloaded intentionally. @ https://staging.quran-apps.itqan.dev/en/search-comparison:0
[    8399ms] [WARNING] The resource https://staging.quran-apps.itqan.dev/assets/images/logo-svg.svg was preloaded using link preload but not used within a few seconds from the window's load event. Please make sure it has an appropriate `as` value and it is preloaded intentionally. @ https://staging.quran-apps.itqan.dev/en/search-comparison:0
[    8399ms] [WARNING] The resource https://staging.quran-apps.itqan.dev/assets/i18n/ar.json was preloaded using link preload but not used within a few seconds from the window's load event. Please make sure it has an appropriate `as` value and it is preloaded intentionally. @ https://staging.quran-apps.itqan.dev/en/search-comparison:0
[    8399ms] [WARNING] The resource https://staging.quran-apps.itqan.dev/assets/images/banner.webp was preloaded using link preload but not used within a few seconds from the window's load event. Please make sure it has an appropriate `as` value and it is preloaded intentionally. @ https://staging.quran-apps.itqan.dev/en/search-comparison:0
[    8399ms] [WARNING] The resource https://staging.quran-apps.itqan.dev/assets/images/logo-with-text.svg was preloaded using link preload but not used within a few seconds from the window's load event. Please make sure it has an appropriate `as` value and it is preloaded intentionally. @ https://staging.quran-apps.itqan.dev/en/search-comparison:0
[   13831ms] [WARNING] The resource https://staging.quran-apps.itqan.dev/assets/images/Social-Media-Thumnail.webp was preloaded using link preload but not used within a few seconds from the window's load event. Please make sure it has an appropriate `as` value and it is preloaded intentionally. @ https://staging.quran-apps.itqan.dev/en/search-comparison:0
[   13831ms] [WARNING] The resource https://staging.quran-apps.itqan.dev/assets/i18n/en.json was preloaded using link preload but not used within a few seconds from the window's load event. Please make sure it has an appropriate `as` value and it is preloaded intentionally. @ https://staging.quran-apps.itqan.dev/en/search-comparison:0
[   13831ms] [WARNING] The resource https://staging.quran-apps.itqan.dev/assets/images/banner.avif was preloaded using link preload but not used within a few seconds from the window's load event. Please make sure it has an appropriate `as` value and it is preloaded intentionally. @ https://staging.quran-apps.itqan.dev/en/search-comparison:0
[   13831ms] [WARNING] The resource https://staging.quran-apps.itqan.dev/assets/images/banner.png was preloaded using link preload but not used within a few seconds from the window's load event. Please make sure it has an appropriate `as` value and it is preloaded intentionally. @ https://staging.quran-apps.itqan.dev/en/search-comparison:0
[   13831ms] [WARNING] The resource https://staging.quran-apps.itqan.dev/assets/images/logo-svg.svg was preloaded using link preload but not used within a few seconds from the window's load event. Please make sure it has an appropriate `as` value and it is preloaded intentionally. @ https://staging.quran-apps.itqan.dev/en/search-comparison:0
[   13831ms] [WARNING] The resource https://staging.quran-apps.itqan.dev/assets/i18n/ar.json was preloaded using link preload but not used within a few seconds from the window's load event. Please make sure it has an appropriate `as` value and it is preloaded intentionally. @ https://staging.quran-apps.itqan.dev/en/search-comparison:0
[   13831ms] [WARNING] The resource https://staging.quran-apps.itqan.dev/assets/images/banner.webp was preloaded using link preload but not used within a few seconds from the window's load event. Please make sure it has an appropriate `as` value and it is preloaded intentionally. @ https://staging.quran-apps.itqan.dev/en/search-comparison:0
[   13831ms] [WARNING] The resource https://staging.quran-apps.itqan.dev/assets/images/logo-with-text.svg was preloaded using link preload but not used within a few seconds from the window's load event. Please make sure it has an appropriate `as` value and it is preloaded intentionally. @ https://staging.quran-apps.itqan.dev/en/search-comparison:0
[   28058ms] [WARNING] The resource https://staging.quran-apps.itqan.dev/assets/images/Social-Media-Thumnail.webp was preloaded using link preload but not used within a few seconds from the window's load event. Please make sure it has an appropriate `as` value and it is preloaded intentionally. @ https://staging.quran-apps.itqan.dev/en/search-comparison:0
[   28058ms] [WARNING] The resource https://staging.quran-apps.itqan.dev/assets/i18n/en.json was preloaded using link preload but not used within a few seconds from the window's load event. Please make sure it has an appropriate `as` value and it is preloaded intentionally. @ https://staging.quran-apps.itqan.dev/en/search-comparison:0
[   28058ms] [WARNING] The resource https://staging.quran-apps.itqan.dev/assets/images/banner.avif was preloaded using link preload but not used within a few seconds from the window's load event. Please make sure it has an appropriate `as` value and it is preloaded intentionally. @ https://staging.quran-apps.itqan.dev/en/search-comparison:0
[   28058ms] [WARNING] The resource https://staging.quran-apps.itqan.dev/assets/images/banner.png was preloaded using link preload but not used within a few seconds from the window's load event. Please make sure it has an appropriate `as` value and it is preloaded intentionally. @ https://staging.quran-apps.itqan.dev/en/search-comparison:0
[   28058ms] [WARNING] The resource https://staging.quran-apps.itqan.dev/assets/images/logo-svg.svg was preloaded using link preload but not used within a few seconds from the window's load event. Please make sure it has an appropriate `as` value and it is preloaded intentionally. @ https://staging.quran-apps.itqan.dev/en/search-comparison:0
[   28058ms] [WARNING] The resource https://staging.quran-apps.itqan.dev/assets/i18n/ar.json was preloaded using link preload but not used within a few seconds from the window's load event. Please make sure it has an appropriate `as` value and it is preloaded intentionally. @ https://staging.quran-apps.itqan.dev/en/search-comparison:0
[   28058ms] [WARNING] The resource https://staging.quran-apps.itqan.dev/assets/images/banner.webp was preloaded using link preload but not used within a few seconds from the window's load event. Please make sure it has an appropriate `as` value and it is preloaded intentionally. @ https://staging.quran-apps.itqan.dev/en/search-comparison:0
[   28058ms] [WARNING] The resource https://staging.quran-apps.itqan.dev/assets/images/logo-with-text.svg was preloaded using link preload but not used within a few seconds from the window's load event. Please make sure it has an appropriate `as` value and it is preloaded intentionally. @ https://staging.quran-apps.itqan.dev/en/search-comparison:0
[   44878ms] [WARNING] The resource https://staging.quran-apps.itqan.dev/assets/images/Social-Media-Thumnail.webp was preloaded using link preload but not used within a few seconds from the window's load event. Please make sure it has an appropriate `as` value and it is preloaded intentionally. @ https://staging.quran-apps.itqan.dev/en/search-comparison:0
[   44878ms] [WARNING] The resource https://staging.quran-apps.itqan.dev/assets/i18n/en.json was preloaded using link preload but not used within a few seconds from the window's load event. Please make sure it has an appropriate `as` value and it is preloaded intentionally. @ https://staging.quran-apps.itqan.dev/en/search-comparison:0
[   44878ms] [WARNING] The resource https://staging.quran-apps.itqan.dev/assets/images/banner.avif was preloaded using link preload but not used within a few seconds from the window's load event. Please make sure it has an appropriate `as` value and it is preloaded intentionally. @ https://staging.quran-apps.itqan.dev/en/search-comparison:0
[   44878ms] [WARNING] The resource https://staging.quran-apps.itqan.dev/assets/images/banner.png was preloaded using link preload but not used within a few seconds from the window's load event. Please make sure it has an appropriate `as` value and it is preloaded intentionally. @ https://staging.quran-apps.itqan.dev/en/search-comparison:0
[   44878ms] [WARNING] The resource https://staging.quran-apps.itqan.dev/assets/images/logo-svg.svg was preloaded using link preload but not used within a few seconds from the window's load event. Please make sure it has an appropriate `as` value and it is preloaded intentionally. @ https://staging.quran-apps.itqan.dev/en/search-comparison:0
[   44878ms] [WARNING] The resource https://staging.quran-apps.itqan.dev/assets/i18n/ar.json was preloaded using link preload but not used within a few seconds from the window's load event. Please make sure it has an appropriate `as` value and it is preloaded intentionally. @ https://staging.quran-apps.itqan.dev/en/search-comparison:0
[   44878ms] [WARNING] The resource https://staging.quran-apps.itqan.dev/assets/images/banner.webp was preloaded using link preload but not used within a few seconds from the window's load event. Please make sure it has an appropriate `as` value and it is preloaded intentionally. @ https://staging.quran-apps.itqan.dev/en/search-comparison:0
[   44878ms] [WARNING] The resource https://staging.quran-apps.itqan.dev/assets/images/logo-with-text.svg was preloaded using link preload but not used within a few seconds from the window's load event. Please make sure it has an appropriate `as` value and it is preloaded intentionally. @ https://staging.quran-apps.itqan.dev/en/search-comparison:0
[   56802ms] [WARNING] The resource https://staging.quran-apps.itqan.dev/assets/images/Social-Media-Thumnail.webp was preloaded using link preload but not used within a few seconds from the window's load event. Please make sure it has an appropriate `as` value and it is preloaded intentionally. @ https://staging.quran-apps.itqan.dev/en/search-comparison:0
[   56802ms] [WARNING] The resource https://staging.quran-apps.itqan.dev/assets/i18n/en.json was preloaded using link preload but not used within a few seconds from the window's load event. Please make sure it has an appropriate `as` value and it is preloaded intentionally. @ https://staging.quran-apps.itqan.dev/en/search-comparison:0
[   56802ms] [WARNING] The resource https://staging.quran-apps.itqan.dev/assets/images/banner.avif was preloaded using link preload but not used within a few seconds from the window's load event. Please make sure it has an appropriate `as` value and it is preloaded intentionally. @ https://staging.quran-apps.itqan.dev/en/search-comparison:0
[   56802ms] [WARNING] The resource https://staging.quran-apps.itqan.dev/assets/images/banner.png was preloaded using link preload but not used within a few seconds from the window's load event. Please make sure it has an appropriate `as` value and it is preloaded intentionally. @ https://staging.quran-apps.itqan.dev/en/search-comparison:0
[   56802ms] [WARNING] The resource https://staging.quran-apps.itqan.dev/assets/images/logo-svg.svg was preloaded using link preload but not used within a few seconds from the window's load event. Please make sure it has an appropriate `as` value and it is preloaded intentionally. @ https://staging.quran-apps.itqan.dev/en/search-comparison:0
[   56802ms] [WARNING] The resource https://staging.quran-apps.itqan.dev/assets/i18n/ar.json was preloaded using link preload but not used within a few seconds from the window's load event. Please make sure it has an appropriate `as` value and it is preloaded intentionally. @ https://staging.quran-apps.itqan.dev/en/search-comparison:0
[   56802ms] [WARNING] The resource https://staging.quran-apps.itqan.dev/assets/images/banner.webp was preloaded using link preload but not used within a few seconds from the window's load event. Please make sure it has an appropriate `as` value and it is preloaded intentionally. @ https://staging.quran-apps.itqan.dev/en/search-comparison:0
[   56802ms] [WARNING] The resource https://staging.quran-apps.itqan.dev/assets/images/logo-with-text.svg was preloaded using link preload but not used within a few seconds from the window's load event. Please make sure it has an appropriate `as` value and it is preloaded intentionally. @ https://staging.quran-apps.itqan.dev/en/search-comparison:0
[  110966ms] [WARNING] The resource https://staging.quran-apps.itqan.dev/assets/images/Social-Media-Thumnail.webp was preloaded using link preload but not used within a few seconds from the window's load event. Please make sure it has an appropriate `as` value and it is preloaded intentionally. @ https://staging.quran-apps.itqan.dev/en/search-comparison:0
[  110966ms] [WARNING] The resource https://staging.quran-apps.itqan.dev/assets/i18n/en.json was preloaded using link preload but not used within a few seconds from the window's load event. Please make sure it has an appropriate `as` value and it is preloaded intentionally. @ https://staging.quran-apps.itqan.dev/en/search-comparison:0
[  110966ms] [WARNING] The resource https://staging.quran-apps.itqan.dev/assets/images/banner.avif was preloaded using link preload but not used within a few seconds from the window's load event. Please make sure it has an appropriate `as` value and it is preloaded intentionally. @ https://staging.quran-apps.itqan.dev/en/search-comparison:0
[  110966ms] [WARNING] The resource https://staging.quran-apps.itqan.dev/assets/images/banner.png was preloaded using link preload but not used within a few seconds from the window's load event. Please make sure it has an appropriate `as` value and it is preloaded intentionally. @ https://staging.quran-apps.itqan.dev/en/search-comparison:0
[  110966ms] [WARNING] The resource https://staging.quran-apps.itqan.dev/assets/images/logo-svg.svg was preloaded using link preload but not used within a few seconds from the window's load event. Please make sure it has an appropriate `as` value and it is preloaded intentionally. @ https://staging.quran-apps.itqan.dev/en/search-comparison:0
[  110966ms] [WARNING] The resource https://staging.quran-apps.itqan.dev/assets/i18n/ar.json was preloaded using link preload but not used within a few seconds from the window's load event. Please make sure it has an appropriate `as` value and it is preloaded intentionally. @ https://staging.quran-apps.itqan.dev/en/search-comparison:0
[  110966ms] [WARNING] The resource https://staging.quran-apps.itqan.dev/assets/images/banner.webp was preloaded using link preload but not used within a few seconds from the window's load event. Please make sure it has an appropriate `as` value and it is preloaded intentionally. @ https://staging.quran-apps.itqan.dev/en/search-comparison:0
[  110966ms] [WARNING] The resource https://staging.quran-apps.itqan.dev/assets/images/logo-with-text.svg was preloaded using link preload but not used within a few seconds from the window's load event. Please make sure it has an appropriate `as` value and it is preloaded intentionally. @ https://staging.quran-apps.itqan.dev/en/search-comparison:0
[  122966ms] [WARNING] ⏱️ Request timeout: https://qad-backend-api-staging.up.railway.app/api/search/hybrid/ (15000ms) @ https://staging.quran-apps.itqan.dev/main-QF6N6I4X.js:16
[  123549ms] [ERROR] Failed to load resource: the server responded with a status of 429 () @ https://qad-backend-api-staging.up.railway.app/api/sentry-tunnel/:0
[  126602ms] [WARNING] The resource https://staging.quran-apps.itqan.dev/assets/images/Social-Media-Thumnail.webp was preloaded using link preload but not used within a few seconds from the window's load event. Please make sure it has an appropriate `as` value and it is preloaded intentionally. @ https://staging.quran-apps.itqan.dev/en/search-comparison:0
[  126602ms] [WARNING] The resource https://staging.quran-apps.itqan.dev/assets/i18n/en.json was preloaded using link preload but not used within a few seconds from the window's load event. Please make sure it has an appropriate `as` value and it is preloaded intentionally. @ https://staging.quran-apps.itqan.dev/en/search-comparison:0
[  126602ms] [WARNING] The resource https://staging.quran-apps.itqan.dev/assets/images/banner.avif was preloaded using link preload but not used within a few seconds from the window's load event. Please make sure it has an appropriate `as` value and it is preloaded intentionally. @ https://staging.quran-apps.itqan.dev/en/search-comparison:0
[  126602ms] [WARNING] The resource https://staging.quran-apps.itqan.dev/assets/images/banner.png was preloaded using link preload but not used within a few seconds from the window's load event. Please make sure it has an appropriate `as` value and it is preloaded intentionally. @ https://staging.quran-apps.itqan.dev/en/search-comparison:0
[  126602ms] [WARNING] The resource https://staging.quran-apps.itqan.dev/assets/images/logo-svg.svg was preloaded using link preload but not used within a few seconds from the window's load event. Please make sure it has an appropriate `as` value and it is preloaded intentionally. @ https://staging.quran-apps.itqan.dev/en/search-comparison:0
[  126602ms] [WARNING] The resource https://staging.quran-apps.itqan.dev/assets/i18n/ar.json was preloaded using link preload but not used within a few seconds from the window's load event. Please make sure it has an appropriate `as` value and it is preloaded intentionally. @ https://staging.quran-apps.itqan.dev/en/search-comparison:0
[  126602ms] [WARNING] The resource https://staging.quran-apps.itqan.dev/assets/images/banner.webp was preloaded using link preload but not used within a few seconds from the window's load event. Please make sure it has an appropriate `as` value and it is preloaded intentionally. @ https://staging.quran-apps.itqan.dev/en/search-comparison:0
[  126602ms] [WARNING] The resource https://staging.quran-apps.itqan.dev/assets/images/logo-with-text.svg was preloaded using link preload but not used within a few seconds from the window's load event. Please make sure it has an appropriate `as` value and it is preloaded intentionally. @ https://staging.quran-apps.itqan.dev/en/search-comparison:0
[  243922ms] [WARNING] The resource https://staging.quran-apps.itqan.dev/assets/images/Social-Media-Thumnail.webp was preloaded using link preload but not used within a few seconds from the window's load event. Please make sure it has an appropriate `as` value and it is preloaded intentionally. @ https://staging.quran-apps.itqan.dev/en/search-comparison:0
[  243922ms] [WARNING] The resource https://staging.quran-apps.itqan.dev/assets/i18n/en.json was preloaded using link preload but not used within a few seconds from the window's load event. Please make sure it has an appropriate `as` value and it is preloaded intentionally. @ https://staging.quran-apps.itqan.dev/en/search-comparison:0
[  243922ms] [WARNING] The resource https://staging.quran-apps.itqan.dev/assets/images/banner.avif was preloaded using link preload but not used within a few seconds from the window's load event. Please make sure it has an appropriate `as` value and it is preloaded intentionally. @ https://staging.quran-apps.itqan.dev/en/search-comparison:0
[  243922ms] [WARNING] The resource https://staging.quran-apps.itqan.dev/assets/images/banner.png was preloaded using link preload but not used within a few seconds from the window's load event. Please make sure it has an appropriate `as` value and it is preloaded intentionally. @ https://staging.quran-apps.itqan.dev/en/search-comparison:0
[  243922ms] [WARNING] The resource https://staging.quran-apps.itqan.dev/assets/images/logo-svg.svg was preloaded using link preload but not used within a few seconds from the window's load event. Please make sure it has an appropriate `as` value and it is preloaded intentionally. @ https://staging.quran-apps.itqan.dev/en/search-comparison:0
[  243922ms] [WARNING] The resource https://staging.quran-apps.itqan.dev/assets/i18n/ar.json was preloaded using link preload but not used within a few seconds from the window's load event. Please make sure it has an appropriate `as` value and it is preloaded intentionally. @ https://staging.quran-apps.itqan.dev/en/search-comparison:0
[  243922ms] [WARNING] The resource https://staging.quran-apps.itqan.dev/assets/images/banner.webp was preloaded using link preload but not used within a few seconds from the window's load event. Please make sure it has an appropriate `as` value and it is preloaded intentionally. @ https://staging.quran-apps.itqan.dev/en/search-comparison:0
[  243922ms] [WARNING] The resource https://staging.quran-apps.itqan.dev/assets/images/logo-with-text.svg was preloaded using link preload but not used within a few seconds from the window's load event. Please make sure it has an appropriate `as` value and it is preloaded intentionally. @ https://staging.quran-apps.itqan.dev/en/search-comparison:0
[  254292ms] [WARNING] ⏱️ Request timeout: https://qad-backend-api-staging.up.railway.app/api/search/hybrid/ (15000ms) @ https://staging.quran-apps.itqan.dev/main-QF6N6I4X.js:16
[  257317ms] [WARNING] The resource https://staging.quran-apps.itqan.dev/assets/images/Social-Media-Thumnail.webp was preloaded using link preload but not used within a few seconds from the window's load event. Please make sure it has an appropriate `as` value and it is preloaded intentionally. @ https://staging.quran-apps.itqan.dev/en/search-comparison:0
[  257317ms] [WARNING] The resource https://staging.quran-apps.itqan.dev/assets/i18n/en.json was preloaded using link preload but not used within a few seconds from the window's load event. Please make sure it has an appropriate `as` value and it is preloaded intentionally. @ https://staging.quran-apps.itqan.dev/en/search-comparison:0
[  257317ms] [WARNING] The resource https://staging.quran-apps.itqan.dev/assets/images/banner.avif was preloaded using link preload but not used within a few seconds from the window's load event. Please make sure it has an appropriate `as` value and it is preloaded intentionally. @ https://staging.quran-apps.itqan.dev/en/search-comparison:0
[  257317ms] [WARNING] The resource https://staging.quran-apps.itqan.dev/assets/images/banner.png was preloaded using link preload but not used within a few seconds from the window's load event. Please make sure it has an appropriate `as` value and it is preloaded intentionally. @ https://staging.quran-apps.itqan.dev/en/search-comparison:0
[  257317ms] [WARNING] The resource https://staging.quran-apps.itqan.dev/assets/images/logo-svg.svg was preloaded using link preload but not used within a few seconds from the window's load event. Please make sure it has an appropriate `as` value and it is preloaded intentionally. @ https://staging.quran-apps.itqan.dev/en/search-comparison:0
[  257317ms] [WARNING] The resource https://staging.quran-apps.itqan.dev/assets/i18n/ar.json was preloaded using link preload but not used within a few seconds from the window's load event. Please make sure it has an appropriate `as` value and it is preloaded intentionally. @ https://staging.quran-apps.itqan.dev/en/search-comparison:0
[  257317ms] [WARNING] The resource https://staging.quran-apps.itqan.dev/assets/images/banner.webp was preloaded using link preload but not used within a few seconds from the window's load event. Please make sure it has an appropriate `as` value and it is preloaded intentionally. @ https://staging.quran-apps.itqan.dev/en/search-comparison:0
[  257317ms] [WARNING] The resource https://staging.quran-apps.itqan.dev/assets/images/logo-with-text.svg was preloaded using link preload but not used within a few seconds from the window's load event. Please make sure it has an appropriate `as` value and it is preloaded intentionally. @ https://staging.quran-apps.itqan.dev/en/search-comparison:0
[  287854ms] [WARNING] The resource https://staging.quran-apps.itqan.dev/assets/images/Social-Media-Thumnail.webp was preloaded using link preload but not used within a few seconds from the window's load event. Please make sure it has an appropriate `as` value and it is preloaded intentionally. @ https://staging.quran-apps.itqan.dev/en/search-comparison:0
[  287854ms] [WARNING] The resource https://staging.quran-apps.itqan.dev/assets/i18n/en.json was preloaded using link preload but not used within a few seconds from the window's load event. Please make sure it has an appropriate `as` value and it is preloaded intentionally. @ https://staging.quran-apps.itqan.dev/en/search-comparison:0
[  287854ms] [WARNING] The resource https://staging.quran-apps.itqan.dev/assets/images/banner.avif was preloaded using link preload but not used within a few seconds from the window's load event. Please make sure it has an appropriate `as` value and it is preloaded intentionally. @ https://staging.quran-apps.itqan.dev/en/search-comparison:0
[  287854ms] [WARNING] The resource https://staging.quran-apps.itqan.dev/assets/images/banner.png was preloaded using link preload but not used within a few seconds from the window's load event. Please make sure it has an appropriate `as` value and it is preloaded intentionally. @ https://staging.quran-apps.itqan.dev/en/search-comparison:0
[  287854ms] [WARNING] The resource https://staging.quran-apps.itqan.dev/assets/images/logo-svg.svg was preloaded using link preload but not used within a few seconds from the window's load event. Please make sure it has an appropriate `as` value and it is preloaded intentionally. @ https://staging.quran-apps.itqan.dev/en/search-comparison:0
[  287854ms] [WARNING] The resource https://staging.quran-apps.itqan.dev/assets/i18n/ar.json was preloaded using link preload but not used within a few seconds from the window's load event. Please make sure it has an appropriate `as` value and it is preloaded intentionally. @ https://staging.quran-apps.itqan.dev/en/search-comparison:0
[  287854ms] [WARNING] The resource https://staging.quran-apps.itqan.dev/assets/images/banner.webp was preloaded using link preload but not used within a few seconds from the window's load event. Please make sure it has an appropriate `as` value and it is preloaded intentionally. @ https://staging.quran-apps.itqan.dev/en/search-comparison:0
[  287854ms] [WARNING] The resource https://staging.quran-apps.itqan.dev/assets/images/logo-with-text.svg was preloaded using link preload but not used within a few seconds from the window's load event. Please make sure it has an appropriate `as` value and it is preloaded intentionally. @ https://staging.quran-apps.itqan.dev/en/search-comparison:0
[  299062ms] [WARNING] ⏱️ Request timeout: https://qad-backend-api-staging.up.railway.app/api/search/hybrid/ (15000ms) @ https://staging.quran-apps.itqan.dev/main-QF6N6I4X.js:16
[  302083ms] [WARNING] The resource https://staging.quran-apps.itqan.dev/assets/images/Social-Media-Thumnail.webp was preloaded using link preload but not used within a few seconds from the window's load event. Please make sure it has an appropriate `as` value and it is preloaded intentionally. @ https://staging.quran-apps.itqan.dev/en/search-comparison:0
[  302083ms] [WARNING] The resource https://staging.quran-apps.itqan.dev/assets/i18n/en.json was preloaded using link preload but not used within a few seconds from the window's load event. Please make sure it has an appropriate `as` value and it is preloaded intentionally. @ https://staging.quran-apps.itqan.dev/en/search-comparison:0
[  302083ms] [WARNING] The resource https://staging.quran-apps.itqan.dev/assets/images/banner.avif was preloaded using link preload but not used within a few seconds from the window's load event. Please make sure it has an appropriate `as` value and it is preloaded intentionally. @ https://staging.quran-apps.itqan.dev/en/search-comparison:0
[  302083ms] [WARNING] The resource https://staging.quran-apps.itqan.dev/assets/images/banner.png was preloaded using link preload but not used within a few seconds from the window's load event. Please make sure it has an appropriate `as` value and it is preloaded intentionally. @ https://staging.quran-apps.itqan.dev/en/search-comparison:0
[  302083ms] [WARNING] The resource https://staging.quran-apps.itqan.dev/assets/images/logo-svg.svg was preloaded using link preload but not used within a few seconds from the window's load event. Please make sure it has an appropriate `as` value and it is preloaded intentionally. @ https://staging.quran-apps.itqan.dev/en/search-comparison:0
[  302083ms] [WARNING] The resource https://staging.quran-apps.itqan.dev/assets/i18n/ar.json was preloaded using link preload but not used within a few seconds from the window's load event. Please make sure it has an appropriate `as` value and it is preloaded intentionally. @ https://staging.quran-apps.itqan.dev/en/search-comparison:0
[  302083ms] [WARNING] The resource https://staging.quran-apps.itqan.dev/assets/images/banner.webp was preloaded using link preload but not used within a few seconds from the window's load event. Please make sure it has an appropriate `as` value and it is preloaded intentionally. @ https://staging.quran-apps.itqan.dev/en/search-comparison:0
[  302083ms] [WARNING] The resource https://staging.quran-apps.itqan.dev/assets/images/logo-with-text.svg was preloaded using link preload but not used within a few seconds from the window's load event. Please make sure it has an appropriate `as` value and it is preloaded intentionally. @ https://staging.quran-apps.itqan.dev/en/search-comparison:0
